::1 - - [30/May/2026 18:38:35] "GET / HTTP/1.1" 200 -
::1 - - [30/May/2026 18:38:35] "GET /style.css HTTP/1.1" 200 -
::1 - - [30/May/2026 18:38:35] "GET /app.js HTTP/1.1" 200 -
::1 - - [30/May/2026 18:38:36] "GET / HTTP/1.1" 304 -
::1 - - [30/May/2026 19:01:00] "GET / HTTP/1.1" 200 -
::1 - - [30/May/2026 19:01:00] "GET /style.css HTTP/1.1" 200 -
::1 - - [30/May/2026 19:01:00] "GET /app.js HTTP/1.1" 200 -
::1 - - [30/May/2026 19:02:36] "GET / HTTP/1.1" 200 -
::1 - - [30/May/2026 19:02:36] "GET /app.js HTTP/1.1" 304 -
::1 - - [30/May/2026 19:02:36] "GET /style.css HTTP/1.1" 200 -
::1 - - [30/May/2026 19:02:49] "GET /style.css HTTP/1.1" 304 -
::1 - - [30/May/2026 19:02:49] code 404, message File not found
::1 - - [30/May/2026 19:02:49] "GET /.well-known/appspecific/com.chrome.devtools.json HTTP/1.1" 404 -
::1 - - [30/May/2026 19:04:12] "GET / HTTP/1.1" 304 -
::1 - - [30/May/2026 19:04:12] "GET /style.css HTTP/1.1" 200 -
::1 - - [30/May/2026 19:04:12] "GET /app.js HTTP/1.1" 304 -
::1 - - [30/May/2026 19:04:22] "GET /style.css HTTP/1.1" 304 -
::1 - - [30/May/2026 19:04:22] code 404, message File not found
::1 - - [30/May/2026 19:04:22] "GET /.well-known/appspecific/com.chrome.devtools.json HTTP/1.1" 404 -
::1 - - [30/May/2026 19:05:19] "GET / HTTP/1.1" 304 -
::1 - - [30/May/2026 19:05:19] code 404, message File not found
::1 - - [30/May/2026 19:05:19] "GET /.well-known/appspecific/com.chrome.devtools.json HTTP/1.1" 404 -
::1 - - [30/May/2026 19:05:19] "GET /app.js HTTP/1.1" 304 -
::1 - - [30/May/2026 19:05:19] "GET /style.css HTTP/1.1" 200 -
::1 - - [30/May/2026 19:33:41] "GET / HTTP/1.1" 304 -
::1 - - [30/May/2026 19:33:41] "GET /style.css HTTP/1.1" 304 -
::1 - - [30/May/2026 19:33:41] "GET /app.js HTTP/1.1" 304 -
::1 - - [30/May/2026 19:33:43] "GET / HTTP/1.1" 304 -
::1 - - [30/May/2026 19:33:44] "GET / HTTP/1.1" 304 -
::1 - - [30/May/2026 19:33:48] code 404, message File not found
::1 - - [30/May/2026 19:33:48] "GET /.well-known/appspecific/com.chrome.devtools.json HTTP/1.1" 404 -
::1 - - [30/May/2026 19:34:33] "GET / HTTP/1.1" 200 -
::1 - - [30/May/2026 19:34:33] "GET /app.js HTTP/1.1" 200 -
::1 - - [30/May/2026 19:34:33] "GET /style.css HTTP/1.1" 200 -
::1 - - [30/May/2026 19:34:33] code 404, message File not found
::1 - - [30/May/2026 19:34:33] "GET /favicon.ico HTTP/1.1" 404 -
::1 - - [30/May/2026 19:39:24] "GET / HTTP/1.1" 304 -
::1 - - [30/May/2026 19:39:24] "GET /style.css HTTP/1.1" 304 -
::1 - - [30/May/2026 19:39:24] "GET /app.js HTTP/1.1" 304 -
::1 - - [30/May/2026 19:41:21] "GET / HTTP/1.1" 200 -
::1 - - [30/May/2026 19:41:26] "GET / HTTP/1.1" 304 -
::1 - - [30/May/2026 19:41:27] "GET / HTTP/1.1" 304 -
::1 - - [30/May/2026 19:43:38] "GET / HTTP/1.1" 200 -
::1 - - [30/May/2026 19:43:38] "GET /style.css HTTP/1.1" 200 -
::1 - - [30/May/2026 19:43:38] "GET /app.js HTTP/1.1" 200 -
::1 - - [30/May/2026 19:43:46] "GET / HTTP/1.1" 304 -
::1 - - [30/May/2026 19:43:46] "GET /style.css HTTP/1.1" 304 -
::1 - - [30/May/2026 19:43:46] "GET /app.js HTTP/1.1" 304 -
::1 - - [30/May/2026 19:46:11] "GET / HTTP/1.1" 304 -
::1 - - [30/May/2026 19:46:11] "GET /style.css HTTP/1.1" 200 -
::1 - - [30/May/2026 19:46:11] "GET /app.js HTTP/1.1" 304 -
::1 - - [30/May/2026 19:46:46] "GET /style.css HTTP/1.1" 304 -
::1 - - [30/May/2026 19:46:46] code 404, message File not found
::1 - - [30/May/2026 19:46:46] "GET /.well-known/appspecific/com.chrome.devtools.json HTTP/1.1" 404 -
::1 - - [30/May/2026 19:48:27] "GET / HTTP/1.1" 200 -
::1 - - [30/May/2026 19:48:27] code 404, message File not found
::1 - - [30/May/2026 19:48:27] "GET /.well-known/appspecific/com.chrome.devtools.json HTTP/1.1" 404 -
::1 - - [30/May/2026 19:48:27] "GET /style.css HTTP/1.1" 200 -
::1 - - [30/May/2026 19:48:27] "GET /app.js HTTP/1.1" 304 -
::1 - - [30/May/2026 19:49:43] "GET / HTTP/1.1" 200 -
::1 - - [30/May/2026 19:49:43] code 404, message File not found
::1 - - [30/May/2026 19:49:43] "GET /.well-known/appspecific/com.chrome.devtools.json HTTP/1.1" 404 -
::1 - - [30/May/2026 19:49:43] "GET /style.css HTTP/1.1" 304 -
::1 - - [30/May/2026 19:49:43] "GET /app.js HTTP/1.1" 304 -
::1 - - [30/May/2026 19:51:59] "GET /style.css HTTP/1.1" 304 -
::1 - - [30/May/2026 19:51:59] code 404, message File not found
::1 - - [30/May/2026 19:51:59] "GET /.well-known/appspecific/com.chrome.devtools.json HTTP/1.1" 404 -
::1 - - [30/May/2026 19:54:02] "GET / HTTP/1.1" 200 -
::1 - - [30/May/2026 19:54:02] code 404, message File not found
::1 - - [30/May/2026 19:54:02] "GET /.well-known/appspecific/com.chrome.devtools.json HTTP/1.1" 404 -
::1 - - [30/May/2026 19:54:02] "GET /style.css HTTP/1.1" 200 -
::1 - - [30/May/2026 19:54:02] "GET /app.js HTTP/1.1" 304 -
::1 - - [30/May/2026 19:54:35] "GET / HTTP/1.1" 304 -
::1 - - [30/May/2026 19:54:35] "GET /style.css HTTP/1.1" 304 -
::1 - - [30/May/2026 19:59:01] "GET / HTTP/1.1" 200 -
::1 - - [30/May/2026 19:59:01] "GET /style.css HTTP/1.1" 200 -
::1 - - [30/May/2026 19:59:01] "GET /app.js HTTP/1.1" 200 -
::1 - - [30/May/2026 20:01:42] "GET / HTTP/1.1" 200 -
::1 - - [30/May/2026 20:01:42] "GET /style.css HTTP/1.1" 200 -
::1 - - [30/May/2026 20:01:42] "GET /app.js HTTP/1.1" 304 -
::1 - - [30/May/2026 20:02:33] "GET / HTTP/1.1" 200 -
::1 - - [30/May/2026 20:02:33] "GET /app.js HTTP/1.1" 304 -
::1 - - [30/May/2026 20:02:33] "GET /style.css HTTP/1.1" 304 -
::1 - - [30/May/2026 20:03:24] "GET / HTTP/1.1" 304 -
::1 - - [30/May/2026 20:03:24] "GET /app.js HTTP/1.1" 304 -
::1 - - [30/May/2026 20:03:24] "GET /style.css HTTP/1.1" 200 -
::1 - - [30/May/2026 20:03:33] "GET /style.css HTTP/1.1" 304 -
::1 - - [30/May/2026 20:03:33] code 404, message File not found
::1 - - [30/May/2026 20:03:33] "GET /.well-known/appspecific/com.chrome.devtools.json HTTP/1.1" 404 -
::1 - - [30/May/2026 20:04:27] "GET / HTTP/1.1" 200 -
::1 - - [30/May/2026 20:04:27] "GET /style.css HTTP/1.1" 200 -
::1 - - [30/May/2026 20:04:27] "GET /app.js HTTP/1.1" 304 -
::1 - - [30/May/2026 20:16:55] "GET / HTTP/1.1" 304 -
::1 - - [30/May/2026 20:16:55] "GET /style.css HTTP/1.1" 304 -
::1 - - [30/May/2026 20:16:55] "GET /app.js HTTP/1.1" 304 -
::1 - - [30/May/2026 20:22:05] "GET / HTTP/1.1" 304 -
::1 - - [30/May/2026 20:22:05] "GET /style.css HTTP/1.1" 304 -
::1 - - [30/May/2026 20:22:05] "GET /app.js HTTP/1.1" 304 -
::1 - - [30/May/2026 20:22:42] code 404, message File not found
::1 - - [30/May/2026 20:22:42] "GET /.well-known/appspecific/com.chrome.devtools.json HTTP/1.1" 404 -
::1 - - [30/May/2026 20:23:22] "GET / HTTP/1.1" 304 -
::1 - - [30/May/2026 20:23:51] "GET / HTTP/1.1" 200 -
::1 - - [30/May/2026 20:26:57] "GET / HTTP/1.1" 200 -
::1 - - [30/May/2026 20:26:58] "GET /app.js HTTP/1.1" 200 -
::1 - - [30/May/2026 20:26:58] "GET /style.css HTTP/1.1" 200 -
::1 - - [30/May/2026 20:27:00] code 404, message File not found
::1 - - [30/May/2026 20:27:00] "GET /favicon.ico HTTP/1.1" 404 -
::1 - - [30/May/2026 21:03:17] "GET / HTTP/1.1" 304 -
::1 - - [30/May/2026 21:03:17] "GET /app.js HTTP/1.1" 304 -
::1 - - [30/May/2026 21:03:17] "GET /style.css HTTP/1.1" 304 -
::1 - - [30/May/2026 21:07:28] "GET / HTTP/1.1" 200 -
::1 - - [30/May/2026 21:07:45] "GET / HTTP/1.1" 200 -
::1 - - [30/May/2026 21:07:45] "GET /style.css HTTP/1.1" 200 -
::1 - - [30/May/2026 21:07:45] "GET /app.js HTTP/1.1" 200 -
::1 - - [30/May/2026 21:07:47] code 404, message File not found
::1 - - [30/May/2026 21:07:47] "GET /favicon.ico HTTP/1.1" 404 -
::1 - - [30/May/2026 21:08:54] "GET / HTTP/1.1" 304 -
::1 - - [30/May/2026 21:08:55] "GET /style.css HTTP/1.1" 304 -
::1 - - [30/May/2026 21:08:55] "GET /app.js HTTP/1.1" 200 -
